<?xml version="1.0" encoding="UTF-8"?>
<!-- Generated by org.testng.reporters.JUnitReportReporter -->
<testsuite hostname="Naveens-MacBook-Pro-2.local" failures="0" tests="1" name="flexiquiz.login.LoginTest" time="5.560" errors="0" timestamp="2024-04-14T07:20:02 BST" skipped="0">
  <testcase classname="flexiquiz.login.LoginTest" name="openHomePage" time="5.560"/>
</testsuite> <!-- flexiquiz.login.LoginTest -->
